Program Internal Form Table
------------------------------------------------------------
$                                                         -1
ArrayList                                                 -1
[                                                         -1
Integer                                                   -1
]                                                         -1
identifier                                                 8
;                                                         -1
Integer                                                   -1
identifier                                                20
,                                                         -1
identifier                                                51
,                                                         -1
identifier                                                 5
;                                                         -1
Integer                                                   -1
identifier                                                10
;                                                         -1
in                                                        -1
(                                                         -1
identifier                                                10
)                                                         -1
;                                                         -1
identifier                                                51
=                                                         -1
intconst                                                  48
;                                                         -1
while                                                     -1
(                                                         -1
identifier                                                10
>                                                         -1
intconst                                                  48
)                                                         -1
{                                                         -1
in                                                        -1
(                                                         -1
identifier                                                20
)                                                         -1
;                                                         -1
identifier                                                 8
.                                                         -1
add                                                       -1
(                                                         -1
identifier                                                20
)                                                         -1
;                                                         -1
}                                                         -1
for                                                       -1
(                                                         -1
identifier                                                 5
=                                                         -1
intconst                                                  49
;                                                         -1
identifier                                                 5
<                                                         -1
identifier                                                 8
.                                                         -1
identifier                                                29
;                                                         -1
identifier                                                 5
=                                                         -1
identifier                                                 5
+                                                         -1
intconst                                                  49
)                                                         -1
{                                                         -1
identifier                                                51
=                                                         -1
identifier                                                51
+                                                         -1
identifier                                                 8
[                                                         -1
identifier                                                 5
]                                                         -1
;                                                         -1
}                                                         -1
out                                                       -1
(                                                         -1
identifier                                                51
)                                                         -1
;                                                         -1
$                                                         -1
------------------------------------------------------------
program is lexically correct
