------------------------------------------------------------
Program Internal Form
------------------------------------------------------------
$                                     -1
Integer                               -1
identifier                            97
,                                     -1
identifier                            98
,                                     -1
identifier                            99
;                                     -1
in                                    -1
(                                     -1
identifier                            97
)                                     -1
;                                     -1
in                                    -1
(                                     -1
identifier                            98
)                                     -1
;                                     -1
in                                    -1
(                                     -1
identifier                            99
)                                     -1
;                                     -1
if                                    -1
(                                     -1
identifier                            97
>                                     -1
identifier                            98
)                                     -1
{                                     -1
if                                    -1
(                                     -1
identifier                            97
>                                     -1
identifier                            99
)                                     -1
{                                     -1
out                                   -1
(                                     -1
identifier                            97
)                                     -1
;                                     -1
}                                     -1
}                                     -1
elif                                  -1
(                                     -1
identifier                            98
>                                     -1
identifier                            97
)                                     -1
{                                     -1
if                                    -1
(                                     -1
identifier                            98
>                                     -1
identifier                            99
)                                     -1
{                                     -1
out                                   -1
(                                     -1
identifier                            98
)                                     -1
;                                     -1
}                                     -1
}                                     -1
else                                  -1
{                                     -1
out                                   -1
(                                     -1
identifier                            99
)                                     -1
;                                     -1
}                                     -1
return                                -1
intconst                              48
;                                     -1
$                                     -1
$                                     -1
Integer                               -1
identifier                            10
,                                     -1
identifier                             5
;                                     -1
in                                    -1
(                                     -1
identifier                            10
)                                     -1
;                                     -1
for                                   -1
(                                     -1
identifier                             5
=                                     -1
intconst                              50
;                                     -1
identifier                             5
*                                     -1
identifier                             5
<                                     -1
identifier                            10
;                                     -1
identifier                             5
=                                     -1
identifier                             5
+                                     -1
intconst                              49
)                                     -1
{                                     -1
if                                    -1
(                                     -1
identifier                            10
%                                     -1
identifier                             5
=                                     -1
=                                     -1
intconst                              48
)                                     -1
{                                     -1
out                                   -1
(                                     -1
stringconst                           46
)                                     -1
;                                     -1
return                                -1
intconst                              48
;                                     -1
}                                     -1
}                                     -1
out                                   -1
(                                     -1
stringconst                           67
)                                     -1
;                                     -1
return                                -1
intconst                              49
;                                     -1
$                                     -1
